OpenROAD v2.0-22660-g3354bd1366 
Features included (+) or not (-): +GPU +GUI +Python
This program is licensed under the BSD-3 license. See the LICENSE file for details.
Components of this program may be licensed under more restrictive licenses which must be honored.
[INFO ORD-0030] Using 16 thread(s).
[INFO ODB-0227] LEF file: /work/ece260c-lab1-starter/section3/orfs_lab1/flow/platforms/ihp-sg13g2/lef/sg13g2_tech.lef, created 19 layers, 300 vias
[INFO ODB-0227] LEF file: /work/ece260c-lab1-starter/section3/orfs_lab1/flow/platforms/ihp-sg13g2/lef/sg13g2_stdcell.lef, created 78 library cells

==========================================================================
Floorplan check_setup
--------------------------------------------------------------------------
number instances in verilog is 760
[WARNING IFP-0028] Core area lower left (16.500, 16.500) snapped to (16.800, 18.900).
[INFO IFP-0001] Added 41 rows of 331 site CoreSite.
source /work/ece260c-lab1-starter/section3/orfs_lab1/flow/platforms/ihp-sg13g2/make_tracks.tcl
repair_timing -setup -verbose -setup_margin 0 -sequence unbuffer,sizeup,swap,buffer -repair_tns 100 -skip_last_gasp -match_cell_footprint
[WARNING RSZ-0021] no estimated parasitics. Using wire load models.
[INFO RSZ-0100] Repair move sequence: UnbufferMove SizeUpMove SwapPinsMove BufferMove 
[INFO RSZ-0098] No setup violations found
Default units for flow
 time 1ns
 capacitance 1pF
 resistance 1kohm
 voltage 1v
 current 1uA
 power 1pW
 distance 1um
Report metrics stage 2, floorplan final...

==========================================================================
floorplan final report_design_area
--------------------------------------------------------------------------
Design area 10159 u^2 41% utilization.
Elapsed time: 0:02.36[h:]min:sec. CPU time: user 0.62 sys 0.54 (49%). Peak memory: 109036KB.
