OpenROAD v2.0-22660-g3354bd1366 
Features included (+) or not (-): +GPU +GUI +Python
This program is licensed under the BSD-3 license. See the LICENSE file for details.
Components of this program may be licensed under more restrictive licenses which must be honored.
[INFO ORD-0030] Using 16 thread(s).
Perform buffer insertion and gate resizing...
repair_design -verbose -match_cell_footprint
Iteration |   Area    | Resized | Buffers | Nets repaired | Remaining
---------------------------------------------------------------------
        0 |     +0.0% |       0 |       0 |             0 |       969
       10 |     +0.0% |       0 |       0 |             0 |       959
       20 |     +0.0% |       0 |       0 |             0 |       949
       30 |     +0.0% |       0 |       0 |             0 |       939
       40 |     +0.0% |       0 |       0 |             0 |       929
       50 |     +0.0% |       0 |       0 |             0 |       919
       60 |     +0.0% |       0 |       0 |             0 |       909
       70 |     +0.0% |       0 |       0 |             0 |       899
       80 |     +0.0% |       0 |       0 |             0 |       889
       90 |     +0.0% |       0 |       0 |             0 |       879
      100 |     +0.0% |       1 |       0 |             0 |       869
      110 |     +0.0% |       1 |       0 |             0 |       859
      120 |     +0.0% |       1 |       0 |             0 |       849
      130 |     +0.0% |       1 |       0 |             0 |       839
      140 |     +0.0% |       1 |       0 |             0 |       829
      150 |     +0.0% |       1 |       0 |             0 |       819
      160 |     +0.0% |       4 |       0 |             0 |       809
      170 |     +0.0% |       5 |       0 |             0 |       799
      180 |     +0.0% |       5 |       0 |             0 |       789
      190 |     +0.0% |       5 |       0 |             0 |       779
      200 |     +0.2% |       8 |       0 |             0 |       769
      210 |     +0.2% |       8 |       0 |             0 |       759
      220 |     +0.2% |       8 |       0 |             0 |       749
      230 |     +0.2% |       8 |       0 |             0 |       739
      240 |     +0.2% |       8 |       0 |             0 |       729
      250 |     +0.2% |       8 |       0 |             0 |       719
      260 |     +0.2% |      10 |       0 |             0 |       709
      270 |     +0.2% |      12 |       0 |             0 |       699
      280 |     +0.3% |      15 |       0 |             0 |       689
      290 |     +0.7% |      24 |       0 |             0 |       679
      300 |     +0.9% |      29 |       0 |             0 |       669
      310 |     +0.9% |      30 |       0 |             0 |       659
      320 |     +0.9% |      30 |       0 |             0 |       649
      330 |     +0.9% |      31 |       0 |             0 |       639
      340 |     +0.9% |      31 |       0 |             0 |       629
      350 |     +0.9% |      31 |       0 |             0 |       619
      360 |     +0.9% |      31 |       0 |             0 |       609
      370 |     +1.1% |      34 |       0 |             0 |       599
      380 |     +1.4% |      39 |       0 |             0 |       589
      390 |     +1.4% |      39 |       0 |             0 |       579
      400 |     +1.4% |      40 |       0 |             0 |       569
      410 |     +1.4% |      41 |       0 |             0 |       559
      420 |     +1.4% |      43 |       0 |             0 |       549
      430 |     +1.4% |      45 |       0 |             0 |       539
      440 |     +1.4% |      45 |       0 |             0 |       529
      450 |     +1.7% |      50 |       0 |             0 |       519
      460 |     +2.4% |      60 |       0 |             0 |       509
      470 |     +2.7% |      64 |       0 |             0 |       499
      480 |     +2.6% |      65 |       0 |             0 |       489
      490 |     +2.6% |      65 |       0 |             0 |       479
      500 |     +2.6% |      66 |       0 |             0 |       469
      510 |     +2.6% |      68 |       0 |             0 |       459
      520 |     +2.6% |      68 |       0 |             0 |       449
      530 |     +2.6% |      69 |       0 |             0 |       439
      540 |     +2.5% |      70 |       0 |             0 |       429
      550 |     +2.5% |      70 |       0 |             0 |       419
      560 |     +2.5% |      70 |       0 |             0 |       409
      570 |     +2.5% |      71 |       0 |             0 |       399
      580 |     +2.5% |      76 |       0 |             0 |       389
      590 |     +2.5% |      77 |       0 |             0 |       379
      600 |     +2.5% |      77 |       0 |             0 |       369
      610 |     +2.5% |      79 |       0 |             0 |       359
      620 |     +2.5% |      84 |       0 |             0 |       349
      630 |     +2.5% |      85 |       0 |             0 |       339
      640 |     +2.5% |      86 |       0 |             0 |       329
      650 |     +2.5% |      89 |       0 |             0 |       319
      660 |     +2.5% |      92 |       0 |             0 |       309
      670 |     +2.5% |      93 |       0 |             0 |       299
      680 |     +2.5% |      94 |       0 |             0 |       289
      690 |     +2.5% |      97 |       0 |             0 |       279
      700 |     +2.5% |     101 |       0 |             0 |       269
      710 |     +2.5% |     102 |       0 |             0 |       259
      720 |     +2.5% |     103 |       0 |             0 |       249
      730 |     +2.5% |     105 |       0 |             0 |       239
      740 |     +2.5% |     105 |       0 |             0 |       229
      750 |     +2.5% |     105 |       0 |             0 |       219
      760 |     +2.5% |     105 |       0 |             0 |       209
      770 |     +2.5% |     105 |       0 |             0 |       199
      780 |     +2.5% |     105 |       0 |             0 |       189
      790 |     +2.5% |     105 |       0 |             0 |       179
      800 |     +2.5% |     105 |       0 |             0 |       169
      810 |     +2.5% |     105 |       0 |             0 |       159
      820 |     +2.5% |     105 |       0 |             0 |       149
      830 |     +2.5% |     105 |       0 |             0 |       139
      840 |     +2.5% |     105 |       0 |             0 |       129
      850 |     +2.5% |     105 |       0 |             0 |       119
      860 |     +2.5% |     105 |       0 |             0 |       109
      870 |     +2.5% |     105 |       0 |             0 |        99
      880 |     +2.5% |     105 |       0 |             0 |        89
      890 |     +2.5% |     105 |       0 |             0 |        79
      900 |     +2.5% |     105 |       0 |             0 |        69
      910 |     +2.5% |     105 |       0 |             0 |        59
      920 |     +2.5% |     105 |       0 |             0 |        49
      930 |     +2.5% |     105 |       0 |             0 |        39
      940 |     +2.5% |     105 |       0 |             0 |        29
      950 |     +2.5% |     105 |       0 |             0 |        19
      960 |     +2.5% |     105 |       0 |             0 |         9
    final |     +2.5% |     105 |       0 |             0 |         0
---------------------------------------------------------------------
[INFO RSZ-0039] Resized 105 instances.
Repair tie lo fanout...
[INFO RSZ-0042] Inserted 112 tie sg13g2_tielo instances.
Repair tie hi fanout...
[INFO RSZ-0042] Inserted 80 tie sg13g2_tiehi instances.
Floating nets: 
Report metrics stage 3, resizer...

==========================================================================
resizer report_design_area
--------------------------------------------------------------------------
Design area 11703 u^2 48% utilization.
Instance count before 758, after 948
Pin count before 2514, after 2704
Elapsed time: 0:04.46[h:]min:sec. CPU time: user 1.45 sys 0.95 (53%). Peak memory: 107168KB.
