OpenROAD v2.0-22660-g3354bd1366 
Features included (+) or not (-): +GPU +GUI +Python
This program is licensed under the BSD-3 license. See the LICENSE file for details.
Components of this program may be licensed under more restrictive licenses which must be honored.
[INFO ORD-0030] Using 16 thread(s).
Placement Analysis
---------------------------------
total displacement       4445.3 u
average displacement        4.7 u
max displacement           34.0 u
original HPWL           20039.0 u
legalized HPWL          23484.2 u
delta HPWL                   17 %

Detailed placement improvement.
[INFO DPL-0401] Setting random seed to 1.
[INFO DPL-0402] Setting maximum displacement 5 1 to 18900 3780 units.
[INFO DPL-0320] Collected 260 fixed cells.
[INFO DPL-0318] Collected 948 single height cells.
[INFO DPL-0321] Collected 0 wide cells.
[INFO DPL-0322] Image (16800, 18900) - (175680, 173880)
[INFO DPL-0310] Assigned 948 cells into segments.  Movement in X-direction is 0.000000, movement in Y-direction is 0.000000.
[INFO DPL-0313] Found 0 cells in wrong regions.
[INFO DPL-0315] Found 0 row alignment problems.
[INFO DPL-0314] Found 0 site alignment problems.
[INFO DPL-0311] Found 0 overlaps between adjacent cells.
[INFO DPL-0312] Found 0 edge spacing violations and 0 padding violations.
[INFO DPL-0303] Running algorithm for independent set matching.
[INFO DPL-0300] Set matching objective is wirelength.
[INFO DPL-0301] Pass   1 of matching; objective is 2.345360e+07.
[INFO DPL-0301] Pass   2 of matching; objective is 2.272504e+07.
[INFO DPL-0302] End of matching; objective is 2.264076e+07, improvement is 3.47 percent.
[INFO DPL-0303] Running algorithm for global swaps.
[INFO DPL-0306] Pass   1 of global swaps; hpwl is 2.181977e+07.
[INFO DPL-0306] Pass   2 of global swaps; hpwl is 2.165701e+07.
[INFO DPL-0307] End of global swaps; objective is 2.165701e+07, improvement is 4.35 percent.
[INFO DPL-0303] Running algorithm for vertical swaps.
[INFO DPL-0308] Pass   1 of vertical swaps; hpwl is 2.152644e+07.
[INFO DPL-0309] End of vertical swaps; objective is 2.152644e+07, improvement is 0.60 percent.
[INFO DPL-0303] Running algorithm for reordering.
[INFO DPL-0304] Pass   1 of reordering; objective is 2.134440e+07.
[INFO DPL-0305] End of reordering; objective is 2.134440e+07, improvement is 0.85 percent.
[INFO DPL-0303] Running algorithm for random improvement.
[INFO DPL-0324] Random improver is using displacement generator.
[INFO DPL-0325] Random improver is using hpwl objective.
[INFO DPL-0326] Random improver cost string is (a).
[INFO DPL-0332] End of pass, Generator displacement called 18960 times.
[INFO DPL-0335] Generator displacement, Cumulative attempts 18960, swaps 3797, moves  4519 since last reset.
[INFO DPL-0333] End of pass, Objective hpwl, Initial cost 2.134440e+07, Scratch cost 2.083734e+07, Incremental cost 2.083734e+07, Mismatch? N
[INFO DPL-0338] End of pass, Total cost is 2.083734e+07.
[INFO DPL-0327] Pass   1 of random improver; improvement in cost is 2.38 percent.
[INFO DPL-0332] End of pass, Generator displacement called 18960 times.
[INFO DPL-0335] Generator displacement, Cumulative attempts 37920, swaps 7575, moves  8926 since last reset.
[INFO DPL-0333] End of pass, Objective hpwl, Initial cost 2.083734e+07, Scratch cost 2.065141e+07, Incremental cost 2.065141e+07, Mismatch? N
[INFO DPL-0338] End of pass, Total cost is 2.065141e+07.
[INFO DPL-0327] Pass   2 of random improver; improvement in cost is 0.89 percent.
[INFO DPL-0328] End of random improver; improvement is 3.246688 percent.
[INFO DPL-0380] Cell flipping.
[INFO DPL-0382] Changed 0 cell orientations for row compatibility.
[INFO DPL-0383] Performed 288 cell flips.
[INFO DPL-0384] End of flipping; objective is 2.025434e+07, improvement is 1.92 percent.
[INFO DPL-0313] Found 0 cells in wrong regions.
[INFO DPL-0315] Found 0 row alignment problems.
[INFO DPL-0314] Found 0 site alignment problems.
[INFO DPL-0311] Found 0 overlaps between adjacent cells.
[INFO DPL-0312] Found 0 edge spacing violations and 0 padding violations.
Detailed Improvement Results
------------------------------------------
Original HPWL            23484.2 u (   10482.5,    13001.7)
Final HPWL               20280.9 u (    8383.0,    11898.0)
Delta HPWL                 -13.6 % (     -20.0,       -8.5)

[INFO DPL-0020] Mirrored 34 instances
[INFO DPL-0021] HPWL before           20280.9 u
[INFO DPL-0022] HPWL after            20269.6 u
[INFO DPL-0023] HPWL delta               -0.1 %
[INFO FLW-0012] Placement violations .
Report metrics stage 3, detailed place...

==========================================================================
detailed place report_design_area
--------------------------------------------------------------------------
Design area 11703 u^2 48% utilization.
Elapsed time: 0:03.84[h:]min:sec. CPU time: user 1.70 sys 0.50 (57%). Peak memory: 95504KB.
