OpenROAD v2.0-22660-g3354bd1366 
Features included (+) or not (-): +GPU +GUI +Python
This program is licensed under the BSD-3 license. See the LICENSE file for details.
Components of this program may be licensed under more restrictive licenses which must be honored.
[INFO ORD-0030] Using 16 thread(s).
Deleted 0 routing obstructions
[INFO RCX-0431] Defined process_corner X with ext_model_index 0
[INFO RCX-0029] Defined extraction corner X
[INFO RCX-0435] Reading extraction model file /work/ece260c-lab1-starter/section3/orfs_lab1/flow/platforms/ihp-sg13g2/rcx_patterns.rules ...
[INFO RCX-0436] RC segment generation asqrt_top (max_merge_res 50.0) ...
[INFO RCX-0040] Final 3401 rc segments
[INFO RCX-0439] Coupling Cap extraction asqrt_top ...
[INFO RCX-0440] Coupling threshhold is 0.1000 fF, coupling capacitance less than 0.1000 fF will be grounded.
[INFO RCX-0442] 50% of 5377 wires extracted
[INFO RCX-0442] 100% of 5377 wires extracted
[INFO RCX-0045] Extract 1176 nets, 4416 rsegs, 4416 caps, 5695 ccs
[INFO RCX-0443] 1176 nets finished
[INFO PSM-0040] All shapes on net VDD are connected.
[INFO PSM-0073] Using bump pattern with x-pitch 140.0000um, y-pitch 140.0000um, and size 70.0000um with an reduction factor of 3x.
########## IR report #################
Net              : VDD
Corner           : default
Supply voltage   : 1.20e+00 V
Worstcase voltage: 1.20e+00 V
Average voltage  : 1.20e+00 V
Average IR drop  : 7.19e-04 V
Worstcase IR drop: 1.10e-03 V
Percentage drop  : 0.09 %
######################################
[INFO PSM-0040] All shapes on net VSS are connected.
[INFO PSM-0073] Using bump pattern with x-pitch 140.0000um, y-pitch 140.0000um, and size 70.0000um with an reduction factor of 3x.
########## IR report #################
Net              : VSS
Corner           : default
Supply voltage   : 0.00e+00 V
Worstcase voltage: 2.08e-03 V
Average voltage  : 1.39e-03 V
Average IR drop  : 1.39e-03 V
Worstcase IR drop: 2.08e-03 V
Percentage drop  : 0.17 %
######################################
Cell type report:                       Count       Area
  Fill cell                               435    1143.07
  Antenna cell                              2      10.89
  Other                                   930   11017.04
  Buffer                                  111     805.59
  Clock buffer                             17     749.35
  Timing Repair Buffer                     87     968.89
  Inverter                                 29     166.92
  Sequential cell                          80    3773.95
  Multi-Input combinational cell          641    5987.52
  Total                                  2332   24623.22
Report metrics stage 6, finish...

==========================================================================
finish report_design_area
--------------------------------------------------------------------------
Design area 23480 u^2 95% utilization.
[WARNING GUI-0076] QStandardPaths: XDG_RUNTIME_DIR not set, defaulting to '/tmp/runtime-root'
Elapsed time: 0:08.94[h:]min:sec. CPU time: user 4.72 sys 1.02 (64%). Peak memory: 161704KB.
